<?xml version="1.0" encoding="UTF-8" ?>
<testsuite tests="2" failures="0" name="StartPageTest" time="168.143" errors="2" skipped="0">
  <properties>
[...]
</properties>
  <testcase classname="StartPageTest" name="StartPageTest" time="84.07">
    <error message="Could not create connection to 127.0.0.1:13000" type="ro.altom.altunitytester.altUnityTesterExceptions.ConnectionException">ro.altom.altunitytester.altUnityTesterExceptions.ConnectionException: Could not create connection to 127.0.0.1:13000
	at ro.altom.altunitytester.AltUnityDriver.&lt;init&gt;(AltUnityDriver.java:92)
	at StartPageTest.setUp(StartPageTest.java:24)
	at java.base/jdk.internal.reflect.NativeMethodAccessorImpl.invoke0(Native Method)
	at java.base/jdk.internal.reflect.NativeMethodAccessorImpl.invoke(NativeMethodAccessorImpl.java:62)
	at java.base/jdk.internal.reflect.DelegatingMethodAccessorImpl.invoke(DelegatingMethodAccessorImpl.java:43)
	at java.base/java.lang.reflect.Method.invoke(Method.java:564)
	at org.junit.runners.model.FrameworkMethod$1.runReflectiveCall(FrameworkMethod.java:59)
	at org.junit.internal.runners.model.ReflectiveCallable.run(ReflectiveCallable.java:12)
	at org.junit.runners.model.FrameworkMethod.invokeExplosively(FrameworkMethod.java:56)
	at org.junit.internal.runners.statements.RunBefores.invokeMethod(RunBefores.java:33)
	at org.junit.internal.runners.statements.RunBefores.evaluate(RunBefores.java:24)
	at org.junit.internal.runners.statements.RunAfters.evaluate(RunAfters.java:27)
	at org.junit.runners.ParentRunner$3.evaluate(ParentRunner.java:306)
	at org.junit.runners.ParentRunner.run(ParentRunner.java:413)
	at org.apache.maven.surefire.junit4.JUnit4Provider.execute(JUnit4Provider.java:252)
	at org.apache.maven.surefire.junit4.JUnit4Provider.executeTestSet(JUnit4Provider.java:141)
	at org.apache.maven.surefire.junit4.JUnit4Provider.invoke(JUnit4Provider.java:112)
	at java.base/jdk.internal.reflect.NativeMethodAccessorImpl.invoke0(Native Method)
	at java.base/jdk.internal.reflect.NativeMethodAccessorImpl.invoke(NativeMethodAccessorImpl.java:62)
	at java.base/jdk.internal.reflect.DelegatingMethodAccessorImpl.invoke(DelegatingMethodAccessorImpl.java:43)
	at java.base/java.lang.reflect.Method.invoke(Method.java:564)
	at org.apache.maven.surefire.util.ReflectionUtils.invokeMethodWithArray(ReflectionUtils.java:189)
	at org.apache.maven.surefire.booter.ProviderFactory$ProviderProxy.invoke(ProviderFactory.java:165)
	at org.apache.maven.surefire.booter.ProviderFactory.invokeProvider(ProviderFactory.java:85)
	at org.apache.maven.surefire.booter.ForkedBooter.runSuitesInProcess(ForkedBooter.java:115)
	at org.apache.maven.surefire.booter.ForkedBooter.main(ForkedBooter.java:75)
Caused by: java.lang.Throwable
	... 26 more
</error>
    <system-out>2020-09-24 10:44:56 INFO  AltUnityDriver:63    -   Initializing connection to 127.0.0.1:13000
252324 [main] INFO ro.altom.altunitytester.AltUnityDriver  - Initializing connection to 127.0.0.1:13000
252324 [main] INFO ro.altom.altunitytester.AltUnityDriver  - Initializing connection to 127.0.0.1:13000
252324 [main] INFO ro.altom.altunitytester.AltUnityDriver  - Initializing connection to 127.0.0.1:13000
252324 [main] INFO ro.altom.altunitytester.AltUnityDriver  - Initializing connection to 127.0.0.1:13000
AltUnityServer not running on port 13000,retrying (timing out in 60 secs)...
AltUnityServer not running on port 13000, retrying (timing out in 60 secs)...
2020-09-24 10:45:03 INFO  AltUnityDriver:63    -   Initializing connection to 127.0.0.1:13000
259332 [main] INFO ro.altom.altunitytester.AltUnityDriver  - Initializing connection to 127.0.0.1:13000
259332 [main] INFO ro.altom.altunitytester.AltUnityDriver  - Initializing connection to 127.0.0.1:13000
259332 [main] INFO ro.altom.altunitytester.AltUnityDriver  - Initializing connection to 127.0.0.1:13000
259332 [main] INFO ro.altom.altunitytester.AltUnityDriver  - Initializing connection to 127.0.0.1:13000
AltUnityServer not running on port 13000,retrying (timing out in 55 secs)...
AltUnityServer not running on port 13000, retrying (timing out in 55 secs)...
2020-09-24 10:45:10 INFO  AltUnityDriver:63    -   Initializing connection to 127.0.0.1:13000
266337 [main] INFO ro.altom.altunitytester.AltUnityDriver  - Initializing connection to 127.0.0.1:13000
266337 [main] INFO ro.altom.altunitytester.AltUnityDriver  - Initializing connection to 127.0.0.1:13000
266337 [main] INFO ro.altom.altunitytester.AltUnityDriver  - Initializing connection to 127.0.0.1:13000
266337 [main] INFO ro.altom.altunitytester.AltUnityDriver  - Initializing connection to 127.0.0.1:13000
AltUnityServer not running on port 13000,retrying (timing out in 50 secs)...
AltUnityServer not running on port 13000, retrying (timing out in 50 secs)...
2020-09-24 10:45:17 INFO  AltUnityDriver:63    -   Initializing connection to 127.0.0.1:13000
273345 [main] INFO ro.altom.altunitytester.AltUnityDriver  - Initializing connection to 127.0.0.1:13000
273345 [main] INFO ro.altom.altunitytester.AltUnityDriver  - Initializing connection to 127.0.0.1:13000
273345 [main] INFO ro.altom.altunitytester.AltUnityDriver  - Initializing connection to 127.0.0.1:13000
273345 [main] INFO ro.altom.altunitytester.AltUnityDriver  - Initializing connection to 127.0.0.1:13000
AltUnityServer not running on port 13000,retrying (timing out in 45 secs)...
AltUnityServer not running on port 13000, retrying (timing out in 45 secs)...
2020-09-24 10:45:24 INFO  AltUnityDriver:63    -   Initializing connection to 127.0.0.1:13000
280350 [main] INFO ro.altom.altunitytester.AltUnityDriver  - Initializing connection to 127.0.0.1:13000
280350 [main] INFO ro.altom.altunitytester.AltUnityDriver  - Initializing connection to 127.0.0.1:13000
280350 [main] INFO ro.altom.altunitytester.AltUnityDriver  - Initializing connection to 127.0.0.1:13000
280350 [main] INFO ro.altom.altunitytester.AltUnityDriver  - Initializing connection to 127.0.0.1:13000
AltUnityServer not running on port 13000,retrying (timing out in 40 secs)...
AltUnityServer not running on port 13000, retrying (timing out in 40 secs)...
2020-09-24 10:45:31 INFO  AltUnityDriver:63    -   Initializing connection to 127.0.0.1:13000
287355 [main] INFO ro.altom.altunitytester.AltUnityDriver  - Initializing connection to 127.0.0.1:13000
287355 [main] INFO ro.altom.altunitytester.AltUnityDriver  - Initializing connection to 127.0.0.1:13000
287355 [main] INFO ro.altom.altunitytester.AltUnityDriver  - Initializing connection to 127.0.0.1:13000
287355 [main] INFO ro.altom.altunitytester.AltUnityDriver  - Initializing connection to 127.0.0.1:13000
AltUnityServer not running on port 13000,retrying (timing out in 35 secs)...
AltUnityServer not running on port 13000, retrying (timing out in 35 secs)...
2020-09-24 10:45:38 INFO  AltUnityDriver:63    -   Initializing connection to 127.0.0.1:13000
294362 [main] INFO ro.altom.altunitytester.AltUnityDriver  - Initializing connection to 127.0.0.1:13000
294362 [main] INFO ro.altom.altunitytester.AltUnityDriver  - Initializing connection to 127.0.0.1:13000
294362 [main] INFO ro.altom.altunitytester.AltUnityDriver  - Initializing connection to 127.0.0.1:13000
294362 [main] INFO ro.altom.altunitytester.AltUnityDriver  - Initializing connection to 127.0.0.1:13000
AltUnityServer not running on port 13000,retrying (timing out in 30 secs)...
AltUnityServer not running on port 13000, retrying (timing out in 30 secs)...
2020-09-24 10:45:45 INFO  AltUnityDriver:63    -   Initializing connection to 127.0.0.1:13000
301368 [main] INFO ro.altom.altunitytester.AltUnityDriver  - Initializing connection to 127.0.0.1:13000
301368 [main] INFO ro.altom.altunitytester.AltUnityDriver  - Initializing connection to 127.0.0.1:13000
301368 [main] INFO ro.altom.altunitytester.AltUnityDriver  - Initializing connection to 127.0.0.1:13000
301368 [main] INFO ro.altom.altunitytester.AltUnityDriver  - Initializing connection to 127.0.0.1:13000
AltUnityServer not running on port 13000,retrying (timing out in 25 secs)...
AltUnityServer not running on port 13000, retrying (timing out in 25 secs)...
2020-09-24 10:45:52 INFO  AltUnityDriver:63    -   Initializing connection to 127.0.0.1:13000
308375 [main] INFO ro.altom.altunitytester.AltUnityDriver  - Initializing connection to 127.0.0.1:13000
308375 [main] INFO ro.altom.altunitytester.AltUnityDriver  - Initializing connection to 127.0.0.1:13000
308375 [main] INFO ro.altom.altunitytester.AltUnityDriver  - Initializing connection to 127.0.0.1:13000
308375 [main] INFO ro.altom.altunitytester.AltUnityDriver  - Initializing connection to 127.0.0.1:13000
AltUnityServer not running on port 13000,retrying (timing out in 20 secs)...
AltUnityServer not running on port 13000, retrying (timing out in 20 secs)...
2020-09-24 10:45:59 INFO  AltUnityDriver:63    -   Initializing connection to 127.0.0.1:13000
315383 [main] INFO ro.altom.altunitytester.AltUnityDriver  - Initializing connection to 127.0.0.1:13000
315383 [main] INFO ro.altom.altunitytester.AltUnityDriver  - Initializing connection to 127.0.0.1:13000
315383 [main] INFO ro.altom.altunitytester.AltUnityDriver  - Initializing connection to 127.0.0.1:13000
315383 [main] INFO ro.altom.altunitytester.AltUnityDriver  - Initializing connection to 127.0.0.1:13000
AltUnityServer not running on port 13000,retrying (timing out in 15 secs)...
AltUnityServer not running on port 13000, retrying (timing out in 15 secs)...
2020-09-24 10:46:06 INFO  AltUnityDriver:63    -   Initializing connection to 127.0.0.1:13000
322389 [main] INFO ro.altom.altunitytester.AltUnityDriver  - Initializing connection to 127.0.0.1:13000
322389 [main] INFO ro.altom.altunitytester.AltUnityDriver  - Initializing connection to 127.0.0.1:13000
322389 [main] INFO ro.altom.altunitytester.AltUnityDriver  - Initializing connection to 127.0.0.1:13000
322389 [main] INFO ro.altom.altunitytester.AltUnityDriver  - Initializing connection to 127.0.0.1:13000
AltUnityServer not running on port 13000,retrying (timing out in 10 secs)...
AltUnityServer not running on port 13000, retrying (timing out in 10 secs)...
2020-09-24 10:46:13 INFO  AltUnityDriver:63    -   Initializing connection to 127.0.0.1:13000
329398 [main] INFO ro.altom.altunitytester.AltUnityDriver  - Initializing connection to 127.0.0.1:13000
329398 [main] INFO ro.altom.altunitytester.AltUnityDriver  - Initializing connection to 127.0.0.1:13000
329398 [main] INFO ro.altom.altunitytester.AltUnityDriver  - Initializing connection to 127.0.0.1:13000
329398 [main] INFO ro.altom.altunitytester.AltUnityDriver  - Initializing connection to 127.0.0.1:13000
AltUnityServer not running on port 13000,retrying (timing out in 5 secs)...
AltUnityServer not running on port 13000, retrying (timing out in 5 secs)...
</system-out>
  </testcase>
  <testcase classname="StartPageTest" name="StartPageTest" time="84.073">
    <error type="java.lang.NullPointerException">java.lang.NullPointerException
	at StartPageTest.tearDown(StartPageTest.java:37)
	at java.base/jdk.internal.reflect.NativeMethodAccessorImpl.invoke0(Native Method)
	at java.base/jdk.internal.reflect.NativeMethodAccessorImpl.invoke(NativeMethodAccessorImpl.java:62)
	at java.base/jdk.internal.reflect.DelegatingMethodAccessorImpl.invoke(DelegatingMethodAccessorImpl.java:43)
	at java.base/java.lang.reflect.Method.invoke(Method.java:564)
	at org.junit.runners.model.FrameworkMethod$1.runReflectiveCall(FrameworkMethod.java:59)
	at org.junit.internal.runners.model.ReflectiveCallable.run(ReflectiveCallable.java:12)
	at org.junit.runners.model.FrameworkMethod.invokeExplosively(FrameworkMethod.java:56)
	at org.junit.internal.runners.statements.RunAfters.invokeMethod(RunAfters.java:46)
	at org.junit.internal.runners.statements.RunAfters.evaluate(RunAfters.java:33)
	at org.junit.runners.ParentRunner$3.evaluate(ParentRunner.java:306)
	at org.junit.runners.ParentRunner.run(ParentRunner.java:413)
	at org.apache.maven.surefire.junit4.JUnit4Provider.execute(JUnit4Provider.java:252)
	at org.apache.maven.surefire.junit4.JUnit4Provider.executeTestSet(JUnit4Provider.java:141)
	at org.apache.maven.surefire.junit4.JUnit4Provider.invoke(JUnit4Provider.java:112)
	at java.base/jdk.internal.reflect.NativeMethodAccessorImpl.invoke0(Native Method)
	at java.base/jdk.internal.reflect.NativeMethodAccessorImpl.invoke(NativeMethodAccessorImpl.java:62)
	at java.base/jdk.internal.reflect.DelegatingMethodAccessorImpl.invoke(DelegatingMethodAccessorImpl.java:43)
	at java.base/java.lang.reflect.Method.invoke(Method.java:564)
	at org.apache.maven.surefire.util.ReflectionUtils.invokeMethodWithArray(ReflectionUtils.java:189)
	at org.apache.maven.surefire.booter.ProviderFactory$ProviderProxy.invoke(ProviderFactory.java:165)
	at org.apache.maven.surefire.booter.ProviderFactory.invokeProvider(ProviderFactory.java:85)
	at org.apache.maven.surefire.booter.ForkedBooter.runSuitesInProcess(ForkedBooter.java:115)
	at org.apache.maven.surefire.booter.ForkedBooter.main(ForkedBooter.java:75)
</error>
  </testcase>
</testsuite>